22:01:16.239 [main] INFO  - Goto my account-->Click on Login.. 
22:01:16.757 [main] INFO  - Entering email and password.. 
22:01:17.698 [main] INFO  - clicked on login button...
22:01:31.286 [main] INFO  - Goto my account-->Click on Login.. 
22:01:32.774 [main] INFO  - Entering email and password.. 
22:01:35.206 [main] INFO  - clicked on login button...
22:01:41.983 [main] INFO  - Goto my account-->Click on Login.. 
22:01:43.804 [main] INFO  - Entering email and password.. 
22:01:45.294 [main] INFO  - clicked on login button...
22:06:55.414 [main] INFO  - Goto my account-->Click on Login.. 
22:06:55.957 [main] INFO  - Entering email and password.. 
22:06:57.109 [main] INFO  - clicked on login button...
22:07:10.392 [main] INFO  - Goto my account-->Click on Login.. 
22:07:11.057 [main] INFO  - Entering email and password.. 
22:07:13.260 [main] INFO  - clicked on login button...
22:10:42.498 [main] INFO  - Goto my account-->Click on Login.. 
22:10:43.050 [main] INFO  - Entering email and password.. 
22:10:44.118 [main] INFO  - clicked on login button...
22:11:45.227 [main] INFO  - Goto my account-->Click on Login.. 
22:11:45.783 [main] INFO  - Entering email and password.. 
22:11:46.982 [main] INFO  - clicked on login button...
22:11:50.352 [main] INFO  - Goto my account-->Click on Login.. 
22:11:50.921 [main] INFO  - Entering email and password.. 
22:11:52.157 [main] INFO  - clicked on login button...
22:11:55.264 [main] INFO  - Goto my account-->Click on Login.. 
22:11:55.806 [main] INFO  - Entering email and password.. 
22:11:56.728 [main] INFO  - clicked on login button...
22:41:06.025 [main] INFO  - Goto my account-->Click on Login.. 
22:42:55.905 [main] INFO  - Goto my account-->Click on Login.. 
22:42:56.437 [main] INFO  - Entering email and password.. 
22:42:57.535 [main] INFO  - clicked on login button...
22:45:47.914 [main] INFO  - Goto my account-->Click on Login.. 
22:45:48.468 [main] INFO  - Entering email and password.. 
22:45:50.074 [main] INFO  - clicked on login button...
22:48:53.430 [main] INFO  - Goto my account-->Click on Login.. 
22:48:54.038 [main] INFO  - Entering email and password.. 
22:48:55.625 [main] INFO  - clicked on login button...
22:58:16.393 [main] INFO  - Goto my account-->Click on Login.. 
22:58:16.921 [main] INFO  - Entering email and password.. 
00:03:03.457 [main] INFO  - Goto my account-->Click on Login.. 
00:03:04.004 [main] INFO  - Entering email and password.. 
00:06:25.117 [main] INFO  - Goto my account-->Click on Login.. 
00:06:25.641 [main] INFO  - Entering email and password.. 
00:06:26.814 [main] INFO  - clicked on login button...
01:09:15.999 [main] INFO  - Goto my account-->Click on Login.. 
01:09:16.585 [main] INFO  - Entering email and password.. 
01:09:17.926 [main] INFO  - clicked on login button...
01:09:21.219 [main] INFO  - Goto my account-->Click on Login.. 
01:09:21.807 [main] INFO  - Entering email and password.. 
01:09:22.785 [main] INFO  - clicked on login button...
01:11:47.663 [main] INFO  - Goto my account-->Click on Login.. 
01:11:48.176 [main] INFO  - Entering email and password.. 
01:11:49.282 [main] INFO  - clicked on login button...
01:11:52.517 [main] INFO  - Goto my account-->Click on Login.. 
01:11:53.154 [main] INFO  - Entering email and password.. 
01:11:54.164 [main] INFO  - clicked on login button...
01:16:11.496 [main] INFO  - Goto my account-->Click on Login.. 
01:16:12.052 [main] INFO  - Entering email and password.. 
01:16:13.145 [main] INFO  - clicked on login button...
01:16:16.520 [main] INFO  - Goto my account-->Click on Login.. 
01:16:17.054 [main] INFO  - Entering email and password.. 
01:16:17.964 [main] INFO  - clicked on login button...
01:19:26.932 [main] INFO  - Goto my account-->Click on Login.. 
01:19:27.496 [main] INFO  - Entering email and password.. 
01:19:28.659 [main] INFO  - clicked on login button...
01:19:32.392 [main] INFO  - Goto my account-->Click on Login.. 
01:19:33.021 [main] INFO  - Entering email and password.. 
01:19:34.196 [main] INFO  - clicked on login button...
01:40:33.029 [main] INFO  - Goto my account-->Click on Login.. 
01:40:33.579 [main] INFO  - Entering email and password.. 
01:40:34.831 [main] INFO  - clicked on login button...
01:40:38.108 [main] INFO  - Goto my account-->Click on Login.. 
01:40:38.658 [main] INFO  - Entering email and password.. 
01:40:39.841 [main] INFO  - clicked on login button...
01:42:01.622 [main] INFO  - Goto my account-->Click on Login.. 
01:57:49.371 [main] INFO  - Goto my account-->Click on Login.. 
01:57:53.161 [main] INFO  - Goto my account-->Click on Login.. 
01:57:57.079 [main] INFO  - Goto my account-->Click on Login.. 
02:01:34.040 [main] INFO  - Goto my account-->Click on Login.. 
02:01:40.691 [main] INFO  - Goto my account-->Click on Login.. 
02:01:45.969 [main] INFO  - Goto my account-->Click on Login.. 
02:03:25.042 [main] INFO  - Goto my account-->Click on Login.. 
02:03:29.921 [main] INFO  - Goto my account-->Click on Login.. 
02:03:33.845 [main] INFO  - Goto my account-->Click on Login.. 
02:06:00.079 [main] INFO  - Goto my account-->Click on Login.. 
02:06:01.974 [main] DEBUG - Parsing relationship: /xl/_rels/workbook.xml.rels
02:06:01.981 [main] DEBUG - Parsing relationship: /xl/worksheets/_rels/sheet1.xml.rels
02:06:01.986 [main] DEBUG - Parsing relationship: /_rels/.rels
02:06:02.326 [main] TRACE - Loading type system org.apache.poi.schemas.ooxml.system.ooxml
02:06:02.330 [main] TRACE - Loading type system org.apache.xmlbeans.metadata.system.sXMLCONFIG
02:06:02.332 [main] TRACE - Loading type system org.apache.xmlbeans.metadata.system.sXMLLANG
02:06:02.333 [main] TRACE - Loading type system org.apache.xmlbeans.metadata.system.sXMLSCHEMA
02:06:02.333 [main] TRACE - Loading type system org.apache.xmlbeans.metadata.system.sXMLTOOLS
02:06:02.335 [main] TRACE - Reading unresolved handles for type system org.apache.xmlbeans.metadata.system.sXMLTOOLS
02:06:02.355 [main] TRACE - Finished loading type system org.apache.xmlbeans.metadata.system.sXMLTOOLS
02:06:02.357 [main] TRACE - Reading unresolved handles for type system org.apache.xmlbeans.metadata.system.sXMLSCHEMA
02:06:02.370 [main] TRACE - Finished loading type system org.apache.xmlbeans.metadata.system.sXMLSCHEMA
02:06:02.374 [main] TRACE - Reading unresolved handles for type system org.apache.xmlbeans.metadata.system.sXMLLANG
02:06:02.376 [main] TRACE - Finished loading type system org.apache.xmlbeans.metadata.system.sXMLLANG
02:06:02.378 [main] TRACE - Reading unresolved handles for type system org.apache.xmlbeans.metadata.system.sXMLCONFIG
02:06:02.380 [main] TRACE - Finished loading type system org.apache.xmlbeans.metadata.system.sXMLCONFIG
02:06:02.383 [main] TRACE - Reading unresolved handles for type system org.apache.poi.schemas.ooxml.system.ooxml
02:06:02.500 [main] TRACE - Finished loading type system org.apache.poi.schemas.ooxml.system.ooxml
02:06:02.501 [main] TRACE - Resolving type for handle themefd26doctype
02:06:02.630 [main] TRACE - Resolving type for handle stylesheet5d8bdoctype
02:06:02.642 [main] TRACE - Resolving type for handle ctstylesheet4257type
02:06:02.650 [main] TRACE - Resolving type for handle ctfonts6623type
02:06:02.654 [main] TRACE - Resolving type for handle ctfont14d8type
02:06:02.664 [main] TRACE - Resolving type for handle ctfills2c6ftype
02:06:02.667 [main] TRACE - Resolving type for handle ctfill550ctype
02:06:02.671 [main] TRACE - Resolving type for handle ctborders0d66type
02:06:02.675 [main] TRACE - Resolving type for handle ctborderf935type
02:06:02.681 [main] TRACE - Resolving type for handle ctcellxfs1322type
02:06:02.687 [main] TRACE - Resolving type for handle ctxf97f7type
02:06:02.699 [main] TRACE - Resolving type for handle ctcellstylexfsa81ftype
02:06:02.702 [main] TRACE - Resolving type for handle ctdxfsb26atype
02:06:02.705 [main] TRACE - Resolving type for handle cttablestyles872ftype
02:06:02.710 [main] TRACE - Resolving type for handle sstf81fdoctype
02:06:02.718 [main] TRACE - Resolving type for handle ctsst44f3type
02:06:02.755 [main] TRACE - Resolving type for handle ctrsta472type
02:06:02.787 [main] DEBUG - using default POIXMLDocumentPart for http://schemas.openxmlformats.org/officeDocument/2006/relationships/printerSettings
02:06:02.789 [main] TRACE - Resolving type for handle workbookec17doctype
02:06:02.800 [main] TRACE - Resolving type for handle ctworkbook83c3type
02:06:02.828 [main] TRACE - Resolving type for handle ctsheets49fdtype
02:06:02.831 [main] TRACE - Resolving type for handle ctsheet4dbetype
02:06:02.835 [main] TRACE - Resolving type for handle strelationshipid1e94type
02:06:02.839 [main] TRACE - Resolving type for handle worksheetf539doctype
02:06:02.851 [main] TRACE - Resolving type for handle ctworksheet530dtype
02:06:02.876 [main] TRACE - Resolving type for handle ctsheetdata8408type
02:06:02.881 [main] TRACE - Resolving type for handle ctrowdd39type
02:06:02.889 [main] TRACE - Resolving type for handle ctcell842btype
02:06:02.898 [main] TRACE - Resolving type for handle stcellrefe4e0type
02:06:02.908 [main] TRACE - Resolving type for handle ctcols627ctype
02:06:02.914 [main] TRACE - Resolving type for handle ctcola95ftype
02:06:02.953 [main] TRACE - Resolving type for handle cthyperlinks6416type
02:06:02.957 [main] TRACE - Resolving type for handle cthyperlink0c85type
02:06:02.968 [main] TRACE - Resolving type for handle stxstringf179type
02:06:02.972 [main] TRACE - Resolving type for handle stcelltypebf95type
02:06:17.910 [main] INFO  - Goto my account-->Click on Login.. 
02:06:19.710 [main] DEBUG - Parsing relationship: /xl/_rels/workbook.xml.rels
02:06:19.726 [main] DEBUG - Parsing relationship: /xl/worksheets/_rels/sheet1.xml.rels
02:06:19.770 [main] DEBUG - Parsing relationship: /_rels/.rels
02:06:19.876 [main] DEBUG - using default POIXMLDocumentPart for http://schemas.openxmlformats.org/officeDocument/2006/relationships/printerSettings
02:06:27.292 [main] INFO  - Goto my account-->Click on Login.. 
02:06:28.267 [main] DEBUG - Parsing relationship: /xl/_rels/workbook.xml.rels
02:06:28.270 [main] DEBUG - Parsing relationship: /xl/worksheets/_rels/sheet1.xml.rels
02:06:28.274 [main] DEBUG - Parsing relationship: /_rels/.rels
02:06:28.311 [main] DEBUG - using default POIXMLDocumentPart for http://schemas.openxmlformats.org/officeDocument/2006/relationships/printerSettings
02:09:34.068 [main] INFO  - Goto my account-->Click on Login.. 
02:09:34.792 [main] DEBUG - Parsing relationship: /xl/_rels/workbook.xml.rels
02:09:34.795 [main] DEBUG - Parsing relationship: /xl/worksheets/_rels/sheet1.xml.rels
02:09:34.797 [main] DEBUG - Parsing relationship: /_rels/.rels
02:09:34.936 [main] TRACE - Loading type system org.apache.poi.schemas.ooxml.system.ooxml
02:09:34.938 [main] TRACE - Loading type system org.apache.xmlbeans.metadata.system.sXMLCONFIG
02:09:34.939 [main] TRACE - Loading type system org.apache.xmlbeans.metadata.system.sXMLLANG
02:09:34.940 [main] TRACE - Loading type system org.apache.xmlbeans.metadata.system.sXMLSCHEMA
02:09:34.940 [main] TRACE - Loading type system org.apache.xmlbeans.metadata.system.sXMLTOOLS
02:09:34.941 [main] TRACE - Reading unresolved handles for type system org.apache.xmlbeans.metadata.system.sXMLTOOLS
02:09:34.953 [main] TRACE - Finished loading type system org.apache.xmlbeans.metadata.system.sXMLTOOLS
02:09:34.954 [main] TRACE - Reading unresolved handles for type system org.apache.xmlbeans.metadata.system.sXMLSCHEMA
02:09:34.959 [main] TRACE - Finished loading type system org.apache.xmlbeans.metadata.system.sXMLSCHEMA
02:09:34.960 [main] TRACE - Reading unresolved handles for type system org.apache.xmlbeans.metadata.system.sXMLLANG
02:09:34.961 [main] TRACE - Finished loading type system org.apache.xmlbeans.metadata.system.sXMLLANG
02:09:34.962 [main] TRACE - Reading unresolved handles for type system org.apache.xmlbeans.metadata.system.sXMLCONFIG
02:09:34.963 [main] TRACE - Finished loading type system org.apache.xmlbeans.metadata.system.sXMLCONFIG
02:09:34.964 [main] TRACE - Reading unresolved handles for type system org.apache.poi.schemas.ooxml.system.ooxml
02:09:35.015 [main] TRACE - Finished loading type system org.apache.poi.schemas.ooxml.system.ooxml
02:09:35.016 [main] TRACE - Resolving type for handle themefd26doctype
02:09:35.111 [main] TRACE - Resolving type for handle stylesheet5d8bdoctype
02:09:35.118 [main] TRACE - Resolving type for handle ctstylesheet4257type
02:09:35.122 [main] TRACE - Resolving type for handle ctfonts6623type
02:09:35.125 [main] TRACE - Resolving type for handle ctfont14d8type
02:09:35.138 [main] TRACE - Resolving type for handle ctfills2c6ftype
02:09:35.142 [main] TRACE - Resolving type for handle ctfill550ctype
02:09:35.147 [main] TRACE - Resolving type for handle ctborders0d66type
02:09:35.149 [main] TRACE - Resolving type for handle ctborderf935type
02:09:35.155 [main] TRACE - Resolving type for handle ctcellxfs1322type
02:09:35.158 [main] TRACE - Resolving type for handle ctxf97f7type
02:09:35.165 [main] TRACE - Resolving type for handle ctcellstylexfsa81ftype
02:09:35.169 [main] TRACE - Resolving type for handle ctdxfsb26atype
02:09:35.173 [main] TRACE - Resolving type for handle cttablestyles872ftype
02:09:35.176 [main] TRACE - Resolving type for handle sstf81fdoctype
02:09:35.180 [main] TRACE - Resolving type for handle ctsst44f3type
02:09:35.190 [main] TRACE - Resolving type for handle ctrsta472type
02:09:35.216 [main] DEBUG - using default POIXMLDocumentPart for http://schemas.openxmlformats.org/officeDocument/2006/relationships/printerSettings
02:09:35.218 [main] TRACE - Resolving type for handle workbookec17doctype
02:09:35.223 [main] TRACE - Resolving type for handle ctworkbook83c3type
02:09:35.237 [main] TRACE - Resolving type for handle ctsheets49fdtype
02:09:35.239 [main] TRACE - Resolving type for handle ctsheet4dbetype
02:09:35.241 [main] TRACE - Resolving type for handle strelationshipid1e94type
02:09:35.244 [main] TRACE - Resolving type for handle worksheetf539doctype
02:09:35.252 [main] TRACE - Resolving type for handle ctworksheet530dtype
02:09:35.262 [main] TRACE - Resolving type for handle ctsheetdata8408type
02:09:35.264 [main] TRACE - Resolving type for handle ctrowdd39type
02:09:35.270 [main] TRACE - Resolving type for handle ctcell842btype
02:09:35.285 [main] TRACE - Resolving type for handle stcellrefe4e0type
02:09:35.294 [main] TRACE - Resolving type for handle ctcols627ctype
02:09:35.299 [main] TRACE - Resolving type for handle ctcola95ftype
02:09:35.322 [main] TRACE - Resolving type for handle cthyperlinks6416type
02:09:35.326 [main] TRACE - Resolving type for handle cthyperlink0c85type
02:09:35.333 [main] TRACE - Resolving type for handle stxstringf179type
02:09:35.335 [main] TRACE - Resolving type for handle stcelltypebf95type
02:09:49.844 [main] INFO  - Goto my account-->Click on Login.. 
02:09:50.390 [main] DEBUG - Parsing relationship: /xl/_rels/workbook.xml.rels
02:09:50.392 [main] DEBUG - Parsing relationship: /xl/worksheets/_rels/sheet1.xml.rels
02:09:50.395 [main] DEBUG - Parsing relationship: /_rels/.rels
02:09:50.421 [main] DEBUG - using default POIXMLDocumentPart for http://schemas.openxmlformats.org/officeDocument/2006/relationships/printerSettings
02:09:56.557 [main] INFO  - Goto my account-->Click on Login.. 
02:09:57.826 [main] DEBUG - Parsing relationship: /xl/_rels/workbook.xml.rels
02:09:57.830 [main] DEBUG - Parsing relationship: /xl/worksheets/_rels/sheet1.xml.rels
02:09:57.837 [main] DEBUG - Parsing relationship: /_rels/.rels
02:09:57.935 [main] DEBUG - using default POIXMLDocumentPart for http://schemas.openxmlformats.org/officeDocument/2006/relationships/printerSettings
02:10:05.404 [main] INFO  - Goto my account-->Click on Login.. 
02:10:06.322 [main] DEBUG - Parsing relationship: /xl/_rels/workbook.xml.rels
02:10:06.335 [main] DEBUG - Parsing relationship: /xl/worksheets/_rels/sheet1.xml.rels
02:10:06.343 [main] DEBUG - Parsing relationship: /_rels/.rels
02:10:06.372 [main] DEBUG - using default POIXMLDocumentPart for http://schemas.openxmlformats.org/officeDocument/2006/relationships/printerSettings
02:10:21.519 [main] INFO  - Goto my account-->Click on Login.. 
02:10:23.551 [main] DEBUG - Parsing relationship: /xl/_rels/workbook.xml.rels
02:10:23.554 [main] DEBUG - Parsing relationship: /xl/worksheets/_rels/sheet1.xml.rels
02:10:23.556 [main] DEBUG - Parsing relationship: /_rels/.rels
02:10:23.597 [main] DEBUG - using default POIXMLDocumentPart for http://schemas.openxmlformats.org/officeDocument/2006/relationships/printerSettings
02:10:30.925 [main] INFO  - Goto my account-->Click on Login.. 
02:10:31.962 [main] DEBUG - Parsing relationship: /xl/_rels/workbook.xml.rels
02:10:31.964 [main] DEBUG - Parsing relationship: /xl/worksheets/_rels/sheet1.xml.rels
02:10:31.967 [main] DEBUG - Parsing relationship: /_rels/.rels
02:10:31.994 [main] DEBUG - using default POIXMLDocumentPart for http://schemas.openxmlformats.org/officeDocument/2006/relationships/printerSettings
02:12:28.397 [main] INFO  - Goto my account-->Click on Login.. 
02:12:29.082 [main] DEBUG - Parsing relationship: /xl/_rels/workbook.xml.rels
02:12:29.088 [main] DEBUG - Parsing relationship: /xl/worksheets/_rels/sheet1.xml.rels
02:12:29.090 [main] DEBUG - Parsing relationship: /_rels/.rels
02:12:29.249 [main] TRACE - Loading type system org.apache.poi.schemas.ooxml.system.ooxml
02:12:29.252 [main] TRACE - Loading type system org.apache.xmlbeans.metadata.system.sXMLCONFIG
02:12:29.252 [main] TRACE - Loading type system org.apache.xmlbeans.metadata.system.sXMLLANG
02:12:29.253 [main] TRACE - Loading type system org.apache.xmlbeans.metadata.system.sXMLSCHEMA
02:12:29.253 [main] TRACE - Loading type system org.apache.xmlbeans.metadata.system.sXMLTOOLS
02:12:29.254 [main] TRACE - Reading unresolved handles for type system org.apache.xmlbeans.metadata.system.sXMLTOOLS
02:12:29.264 [main] TRACE - Finished loading type system org.apache.xmlbeans.metadata.system.sXMLTOOLS
02:12:29.265 [main] TRACE - Reading unresolved handles for type system org.apache.xmlbeans.metadata.system.sXMLSCHEMA
02:12:29.269 [main] TRACE - Finished loading type system org.apache.xmlbeans.metadata.system.sXMLSCHEMA
02:12:29.270 [main] TRACE - Reading unresolved handles for type system org.apache.xmlbeans.metadata.system.sXMLLANG
02:12:29.271 [main] TRACE - Finished loading type system org.apache.xmlbeans.metadata.system.sXMLLANG
02:12:29.272 [main] TRACE - Reading unresolved handles for type system org.apache.xmlbeans.metadata.system.sXMLCONFIG
02:12:29.273 [main] TRACE - Finished loading type system org.apache.xmlbeans.metadata.system.sXMLCONFIG
02:12:29.273 [main] TRACE - Reading unresolved handles for type system org.apache.poi.schemas.ooxml.system.ooxml
02:12:29.325 [main] TRACE - Finished loading type system org.apache.poi.schemas.ooxml.system.ooxml
02:12:29.326 [main] TRACE - Resolving type for handle themefd26doctype
02:12:29.407 [main] TRACE - Resolving type for handle stylesheet5d8bdoctype
02:12:29.413 [main] TRACE - Resolving type for handle ctstylesheet4257type
02:12:29.417 [main] TRACE - Resolving type for handle ctfonts6623type
02:12:29.420 [main] TRACE - Resolving type for handle ctfont14d8type
02:12:29.425 [main] TRACE - Resolving type for handle ctfills2c6ftype
02:12:29.427 [main] TRACE - Resolving type for handle ctfill550ctype
02:12:29.429 [main] TRACE - Resolving type for handle ctborders0d66type
02:12:29.431 [main] TRACE - Resolving type for handle ctborderf935type
02:12:29.436 [main] TRACE - Resolving type for handle ctcellxfs1322type
02:12:29.439 [main] TRACE - Resolving type for handle ctxf97f7type
02:12:29.448 [main] TRACE - Resolving type for handle ctcellstylexfsa81ftype
02:12:29.449 [main] TRACE - Resolving type for handle ctdxfsb26atype
02:12:29.451 [main] TRACE - Resolving type for handle cttablestyles872ftype
02:12:29.461 [main] TRACE - Resolving type for handle sstf81fdoctype
02:12:29.465 [main] TRACE - Resolving type for handle ctsst44f3type
02:12:29.477 [main] TRACE - Resolving type for handle ctrsta472type
02:12:29.508 [main] DEBUG - using default POIXMLDocumentPart for http://schemas.openxmlformats.org/officeDocument/2006/relationships/printerSettings
02:12:29.510 [main] TRACE - Resolving type for handle workbookec17doctype
02:12:29.514 [main] TRACE - Resolving type for handle ctworkbook83c3type
02:12:29.522 [main] TRACE - Resolving type for handle ctsheets49fdtype
02:12:29.524 [main] TRACE - Resolving type for handle ctsheet4dbetype
02:12:29.530 [main] TRACE - Resolving type for handle strelationshipid1e94type
02:12:29.533 [main] TRACE - Resolving type for handle worksheetf539doctype
02:12:29.538 [main] TRACE - Resolving type for handle ctworksheet530dtype
02:12:29.551 [main] TRACE - Resolving type for handle ctsheetdata8408type
02:12:29.552 [main] TRACE - Resolving type for handle ctrowdd39type
02:12:29.557 [main] TRACE - Resolving type for handle ctcell842btype
02:12:29.562 [main] TRACE - Resolving type for handle stcellrefe4e0type
02:12:29.570 [main] TRACE - Resolving type for handle ctcols627ctype
02:12:29.573 [main] TRACE - Resolving type for handle ctcola95ftype
02:12:29.596 [main] TRACE - Resolving type for handle cthyperlinks6416type
02:12:29.600 [main] TRACE - Resolving type for handle cthyperlink0c85type
02:12:29.605 [main] TRACE - Resolving type for handle stxstringf179type
02:12:29.607 [main] TRACE - Resolving type for handle stcelltypebf95type
02:12:44.127 [main] INFO  - Goto my account-->Click on Login.. 
02:12:45.488 [main] DEBUG - Parsing relationship: /xl/_rels/workbook.xml.rels
02:12:45.501 [main] DEBUG - Parsing relationship: /xl/worksheets/_rels/sheet1.xml.rels
02:12:45.528 [main] DEBUG - Parsing relationship: /_rels/.rels
02:12:45.617 [main] DEBUG - using default POIXMLDocumentPart for http://schemas.openxmlformats.org/officeDocument/2006/relationships/printerSettings
02:12:53.696 [main] INFO  - Goto my account-->Click on Login.. 
02:12:55.346 [main] DEBUG - Parsing relationship: /xl/_rels/workbook.xml.rels
02:12:55.349 [main] DEBUG - Parsing relationship: /xl/worksheets/_rels/sheet1.xml.rels
02:12:55.363 [main] DEBUG - Parsing relationship: /_rels/.rels
02:12:55.432 [main] DEBUG - using default POIXMLDocumentPart for http://schemas.openxmlformats.org/officeDocument/2006/relationships/printerSettings
02:13:01.280 [main] INFO  - Goto my account-->Click on Login.. 
02:13:02.084 [main] DEBUG - Parsing relationship: /xl/_rels/workbook.xml.rels
02:13:02.086 [main] DEBUG - Parsing relationship: /xl/worksheets/_rels/sheet1.xml.rels
02:13:02.089 [main] DEBUG - Parsing relationship: /_rels/.rels
02:13:02.113 [main] DEBUG - using default POIXMLDocumentPart for http://schemas.openxmlformats.org/officeDocument/2006/relationships/printerSettings
02:13:16.774 [main] INFO  - Goto my account-->Click on Login.. 
02:13:20.558 [main] DEBUG - Parsing relationship: /xl/_rels/workbook.xml.rels
02:13:20.563 [main] DEBUG - Parsing relationship: /xl/worksheets/_rels/sheet1.xml.rels
02:13:20.569 [main] DEBUG - Parsing relationship: /_rels/.rels
02:13:20.623 [main] DEBUG - using default POIXMLDocumentPart for http://schemas.openxmlformats.org/officeDocument/2006/relationships/printerSettings
02:13:26.963 [main] INFO  - Goto my account-->Click on Login.. 
02:13:28.133 [main] DEBUG - Parsing relationship: /xl/_rels/workbook.xml.rels
02:13:28.135 [main] DEBUG - Parsing relationship: /xl/worksheets/_rels/sheet1.xml.rels
02:13:28.138 [main] DEBUG - Parsing relationship: /_rels/.rels
02:13:28.162 [main] DEBUG - using default POIXMLDocumentPart for http://schemas.openxmlformats.org/officeDocument/2006/relationships/printerSettings
02:18:59.049 [main] INFO  - Goto my account-->Click on Login.. 
02:18:59.604 [main] INFO  - Entering email and password.. 
02:19:00.753 [main] INFO  - clicked on login button...
02:20:20.560 [main] INFO  - Goto my account-->Click on Login.. 
02:20:21.166 [main] INFO  - Entering email and password.. 
02:20:22.053 [main] INFO  - clicked on login button...
02:23:30.463 [main] INFO  - Goto my account-->Click on Login.. 
02:23:30.992 [main] INFO  - Entering email and password.. 
02:23:32.115 [main] INFO  - clicked on login button...
02:27:10.108 [main] INFO  - Goto my account-->Click on Login.. 
02:27:10.739 [main] INFO  - Entering email and password.. 
02:27:12.037 [main] INFO  - clicked on login button...
02:29:53.910 [main] INFO  - Goto my account-->Click on Login.. 
02:29:55.147 [main] INFO  - Entering email and password.. 
02:29:56.617 [main] INFO  - clicked on login button...
02:32:14.212 [main] INFO  - Goto my account-->Click on Login.. 
02:32:15.466 [main] INFO  - Entering email and password.. 
02:32:17.310 [main] INFO  - clicked on login button...
02:33:44.464 [main] INFO  - Goto my account-->Click on Login.. 
02:33:45.030 [main] INFO  - Entering email and password.. 
02:33:46.315 [main] INFO  - clicked on login button...
02:39:11.120 [main] INFO  - Goto my account-->Click on Login.. 
02:39:11.924 [main] INFO  - Entering email and password.. 
02:39:13.505 [main] INFO  - clicked on login button...
03:42:13.396 [main] INFO  - Goto my account-->Click on Login.. 
03:42:14.040 [main] INFO  - Entering email and password.. 
03:42:15.407 [main] INFO  - clicked on login button...
16:35:21.997 [main] INFO  - Goto my account-->Click on Login.. 
16:35:22.400 [main] INFO  - Entering email and password.. 
16:35:23.211 [main] INFO  - clicked on login button...
16:36:01.659 [main] INFO  - Goto my account-->Click on Login.. 
16:36:02.064 [main] INFO  - Entering email and password.. 
16:36:02.921 [main] INFO  - clicked on login button...
16:37:02.479 [main] INFO  - Goto my account-->Click on Login.. 
16:37:02.839 [main] INFO  - Entering email and password.. 
16:37:03.502 [main] INFO  - clicked on login button...
16:40:04.716 [main] INFO  - Goto my account-->Click on Login.. 
16:40:05.100 [main] INFO  - Entering email and password.. 
16:40:05.788 [main] INFO  - clicked on login button...
16:43:00.609 [main] INFO  - Goto my account-->Click on Login.. 
16:43:01.015 [main] INFO  - Entering email and password.. 
16:43:01.881 [main] INFO  - clicked on login button...
16:51:16.299 [main] INFO  - Goto my account-->Click on Login.. 
16:51:16.679 [main] INFO  - Entering email and password.. 
16:51:17.575 [main] INFO  - clicked on login button...
16:52:09.931 [main] INFO  - Goto my account-->Click on Login.. 
16:52:10.279 [main] INFO  - Entering email and password.. 
16:52:10.994 [main] INFO  - clicked on login button...
